<?xml version="1.0" encoding="UTF-8"?>
<testng-results ignored="1" total="2" passed="1" failed="0" skipped="0">
  <reporter-output>
    <line>
      <![CDATA[Facebook]]>
    </line>
    <line>
      <![CDATA[https://en-gb.facebook.com/pages/create/?ref_type=registration_form]]>
    </line>
  </reporter-output>
  <suite started-at="2021-06-17T08:04:14 IST" name="Failed suite [Suite]" finished-at="2021-06-17T08:04:44 IST" duration-ms="29972">
    <groups>
    </groups>
    <test started-at="2021-06-17T08:04:14 IST" name="Test(failed)" finished-at="2021-06-17T08:04:44 IST" duration-ms="29972">
      <class name="testng.Testacse3">
        <test-method is-config="true" signature="openApp()[pri:0, instance:testng.Testacse3@ba54932]" started-at="2021-06-17T08:04:14 IST" name="openApp" finished-at="2021-06-17T08:04:33 IST" duration-ms="18743" status="PASS">
          <reporter-output>
          </reporter-output>
        </test-method> <!-- openApp -->
        <test-method signature="createapage()[pri:0, instance:testng.Testacse3@ba54932]" started-at="2021-06-17T08:04:33 IST" name="createapage" finished-at="2021-06-17T08:04:44 IST" duration-ms="11138" status="PASS">
          <reporter-output>
            <line>
              <![CDATA[Facebook]]>
            </line>
            <line>
              <![CDATA[https://en-gb.facebook.com/pages/create/?ref_type=registration_form]]>
            </line>
          </reporter-output>
        </test-method> <!-- createapage -->
      </class> <!-- testng.Testacse3 -->
    </test> <!-- Test(failed) -->
  </suite> <!-- Failed suite [Suite] -->
</testng-results>
